<?xml version="1.0" encoding="UTF-8"?>
<!-- Generated by org.testng.reporters.JUnitReportReporter -->
<testsuite hostname="RaviKumar" failures="0" tests="2" name="org.qed42.testscripts.AutomationTask" time="48.104" errors="0" timestamp="2022-06-29T17:12:04 IST" skipped="0">
  <testcase classname="org.qed42.testscripts.AutomationTask" name="verifyGridTable" time="2.328"/>
  <system-out/>
  <testcase classname="org.qed42.testscripts.AutomationTask" name="verifyFlipkartTest" time="45.776"/>
  <system-out/>
</testsuite> <!-- org.qed42.testscripts.AutomationTask -->
